Arguments: 
  C:\Program Files\nodejs\node.exe C:\Program Files (x86)\Yarn\bin\yarn.js add -D add

PATH: 
  C:\ProgramData\Oracle\Java\javapath;C:\Windows\system32;C:\Windows;C:\Windows\System32\Wbem;C:\Windows\System32\WindowsPowerShell\v1.0\;C:\Program Files\TortoiseSVN\bin;C:\Program Files\Java\jdk1.8.0_121\bin;C:\Program Files\Java\jdk1.8.0_121\jre\bin;C:\Program Files\Git\cmd;C:\Program Files\TortoiseGit\bin;C:\Program Files\nodejs\;C:\Program Files (x86)\Yarn\bin;C:\Users\Administrator\AppData\Local\Programs\Python\Python36-32\Scripts\;C:\Users\Administrator\AppData\Local\Programs\Python\Python36-32\;C:\Program Files\Microsoft VS Code\bin;C:\Users\Administrator\AppData\Roaming\npm;C:\Users\Administrator\AppData\Local\Yarn\bin

Yarn version: 
  1.3.2

Node version: 
  8.9.4

Platform: 
  win32 x64

npm manifest: 
  {
    "name": "cross-origin",
    "version": "1.0.0",
    "description": "this is cross-origin test",
    "main": "index.js",
    "scripts": {
      "test": "echo \"Error: no test specified\" && exit 1",
      "dev": "supervisor app.js"
    },
    "keywords": [
      "cross-origin"
    ],
    "author": "wudongyue",
    "license": "ISC",
    "dependencies": {
      "cookie-parser": "^1.4.3",
      "element-ui": "^2.3.4",
      "express": "^4.16.2",
      "http-proxy-middleware": "^0.18.0",
      "serve-static": "^1.13.2"
    },
    "devDependencies": {
      "promises-aplus-tests": "^2.1.2",
      "socket.io": "^2.0.4"
    }
  }

yarn manifest: 
  No manifest

Lockfile: 
  No lockfile

Trace: 
  Error: ENOENT: no such file or directory, copyfile 'C:\Users\Administrator\AppData\Local\Yarn\cache\v1\npm-kind-of-5.1.0-729c91e2d857b7a419a1f9aa65685c4c33f5845d\package.json' -> 'e:\大前端技术栈\我的网站\dongyuewu\node_modules\define-property\node_modules\kind-of\package.json'
